<?xml version="1.0" encoding="UTF-8"?>
<!-- Generated by org.testng.reporters.JUnitReportReporter -->
<testsuite hostname="NAIM" failures="0" tests="3" name="com.tutorialNinja.functionalTests.Draft" time="50.860" errors="0" timestamp="2023-09-16T05:09:56 EDT" skipped="0">
  <testcase classname="com.tutorialNinja.functionalTests.Draft" name="velidateLogoText" time="21.214"/>
  <testcase classname="com.tutorialNinja.functionalTests.Draft" name="velidateLogoText01" time="8.981"/>
  <testcase classname="com.tutorialNinja.functionalTests.Draft" name="velidateLogoText02" time="20.665"/>
</testsuite> <!-- com.tutorialNinja.functionalTests.Draft -->
