<?xml version="1.0" encoding="UTF-8"?>
<!-- Generated by org.testng.reporters.JUnitReportReporter -->
<testsuite hostname="NAIM" failures="0" tests="1" name="com.tutorialNinja.functionalTests.R1dot2_TS006_ProductCompareFunctionality" time="15.410" errors="0" timestamp="2023-10-05T00:48:26 EDT" skipped="0">
  <testcase classname="com.tutorialNinja.functionalTests.R1dot2_TS006_ProductCompareFunctionality" name="r1dot2_TS006_TC001" time="15.410"/>
</testsuite> <!-- com.tutorialNinja.functionalTests.R1dot2_TS006_ProductCompareFunctionality -->
