<?xml version="1.0" encoding="UTF-8"?>
<!-- Generated by org.testng.reporters.JUnitReportReporter -->
<testsuite hostname="NAIM" failures="0" tests="1" name="com.tutorialNinja.functionalTests.Draft" time="0.380" errors="0" timestamp="2023-09-13T01:55:04 EDT" skipped="0">
  <testcase classname="com.tutorialNinja.functionalTests.Draft" name="velidateLogoText02" time="0.380"/>
</testsuite> <!-- com.tutorialNinja.functionalTests.Draft -->
