<?xml version="1.0" encoding="UTF-8"?>
<!-- Generated by org.testng.reporters.JUnitReportReporter -->
<testsuite hostname="NAIM" failures="0" tests="4" name="com.tutorialNinja.functionalTests.R1dot1_TS001_RegisterFunctionality" time="42.328" errors="0" timestamp="2023-09-16T05:09:56 EDT" skipped="0">
  <testcase classname="com.tutorialNinja.functionalTests.R1dot1_TS001_RegisterFunctionality" name="r1dot1_TS001_TC001" time="13.951"/>
  <testcase classname="com.tutorialNinja.functionalTests.R1dot1_TS001_RegisterFunctionality" name="r1dot1_TS001_TC003" time="10.186"/>
  <testcase classname="com.tutorialNinja.functionalTests.R1dot1_TS001_RegisterFunctionality" name="r1dot1_TS001_TC004" time="8.786"/>
  <testcase classname="com.tutorialNinja.functionalTests.R1dot1_TS001_RegisterFunctionality" name="r1dot1_TS001_TC028" time="9.405"/>
</testsuite> <!-- com.tutorialNinja.functionalTests.R1dot1_TS001_RegisterFunctionality -->
