<?xml version="1.0" encoding="UTF-8"?>
<!-- Generated by org.testng.reporters.JUnitReportReporter -->
<testsuite hostname="NAIM" failures="0" tests="1" name="com.tutorialNinja.functionalTests.R1dot1_TS004_ForgottenPasswordFunctionality" time="9.584" errors="0" timestamp="2023-10-03T02:17:49 EDT" skipped="0">
  <testcase classname="com.tutorialNinja.functionalTests.R1dot1_TS004_ForgottenPasswordFunctionality" name="r1dot1_TS004_TC001" time="9.584"/>
</testsuite> <!-- com.tutorialNinja.functionalTests.R1dot1_TS004_ForgottenPasswordFunctionality -->
