<?xml version="1.0" encoding="UTF-8"?>
<!-- Generated by org.testng.reporters.JUnitReportReporter -->
<testsuite hostname="NAIM" failures="0" tests="1" name="com.tutorialNinja.functionalTests.Draft" time="5.515" errors="0" timestamp="2023-09-07T00:59:58 EDT" skipped="0">
  <testcase classname="com.tutorialNinja.functionalTests.Draft" name="test" time="5.515"/>
</testsuite> <!-- com.tutorialNinja.functionalTests.Draft -->
