<?xml version="1.0" encoding="UTF-8"?>
<!-- Generated by org.testng.reporters.JUnitReportReporter -->
<testsuite hostname="NAIM" failures="0" tests="1" name="com.tutorialNinja.functionalTests.R1dot1_TS003_LogoutFunctionality" time="11.564" errors="0" timestamp="2023-10-02T05:27:20 EDT" skipped="0">
  <testcase classname="com.tutorialNinja.functionalTests.R1dot1_TS003_LogoutFunctionality" name="R1dot1_TS003_TC002" time="11.564"/>
</testsuite> <!-- com.tutorialNinja.functionalTests.R1dot1_TS003_LogoutFunctionality -->
