<?xml version="1.0" encoding="UTF-8"?>
<!-- Generated by org.testng.reporters.JUnitReportReporter -->
<testsuite hostname="NAIM" failures="0" tests="1" name="com.tutorialNinja.functionalTests.Draft" time="8.669" errors="0" timestamp="2023-09-15T03:01:26 EDT" skipped="0">
  <testcase classname="com.tutorialNinja.functionalTests.Draft" name="velidateLogoText02" time="8.669"/>
</testsuite> <!-- com.tutorialNinja.functionalTests.Draft -->
