<?xml version="1.0" encoding="UTF-8"?>
<!-- Generated by org.testng.reporters.JUnitReportReporter -->
<testsuite hostname="NAIM" failures="0" tests="3" name="com.tutorialNinja.functionalTests.Draft2" time="22.748" errors="0" timestamp="2023-09-11T03:54:17 EDT" skipped="0">
  <testcase classname="com.tutorialNinja.functionalTests.Draft2" name="velidateLogoText" time="8.353"/>
  <testcase classname="com.tutorialNinja.functionalTests.Draft2" name="velidateLogoText02" time="7.548"/>
  <testcase classname="com.tutorialNinja.functionalTests.Draft2" name="velidateLogoText01" time="6.847"/>
</testsuite> <!-- com.tutorialNinja.functionalTests.Draft2 -->
