<?xml version="1.0" encoding="UTF-8"?>
<!-- Generated by org.testng.reporters.JUnitReportReporter -->
<testsuite hostname="NAIM" failures="0" tests="2" name="com.tutorialNinja.functionalTests.R1dot1_TS_001_RegisterFunctionality" time="25.315" errors="0" timestamp="2023-09-13T02:47:17 EDT" skipped="0">
  <testcase classname="com.tutorialNinja.functionalTests.R1dot1_TS_001_RegisterFunctionality" name="R1dot1_TS_001_TC_RF_001" time="12.432"/>
  <testcase classname="com.tutorialNinja.functionalTests.R1dot1_TS_001_RegisterFunctionality" name="R1dot1_TS_001_TC_RF_003" time="12.883"/>
</testsuite> <!-- com.tutorialNinja.functionalTests.R1dot1_TS_001_RegisterFunctionality -->
