<?xml version="1.0" encoding="UTF-8"?>
<!-- Generated by org.testng.reporters.JUnitReportReporter -->
<testsuite hostname="NAIM" failures="0" tests="1" name="com.tutorialNinja.functionalTests.R1dot3_TS012_CheckoutFunctionality" time="11.325" errors="0" timestamp="2023-10-24T02:29:50 EDT" skipped="0">
  <testcase classname="com.tutorialNinja.functionalTests.R1dot3_TS012_CheckoutFunctionality" name="R1dot3_TS012_TC001" time="11.325"/>
</testsuite> <!-- com.tutorialNinja.functionalTests.R1dot3_TS012_CheckoutFunctionality -->
