<?xml version="1.0" encoding="UTF-8"?>
<!-- Generated by org.testng.reporters.JUnitReportReporter -->
<testsuite hostname="NAIM" failures="0" tests="3" name="com.tutorialNinja.functionalTests.Draft" time="53.124" errors="0" timestamp="2023-09-17T05:13:15 EDT" skipped="0">
  <testcase classname="com.tutorialNinja.functionalTests.Draft" name="velidateLogoText" time="23.946"/>
  <testcase classname="com.tutorialNinja.functionalTests.Draft" name="velidateLogoText01" time="9.253"/>
  <testcase classname="com.tutorialNinja.functionalTests.Draft" name="velidateLogoText02" time="19.925"/>
</testsuite> <!-- com.tutorialNinja.functionalTests.Draft -->
