<?xml version="1.0" encoding="UTF-8"?>
<!-- Generated by org.testng.reporters.JUnitReportReporter -->
<testsuite hostname="NAIM" failures="0" tests="1" name="com.tutorialNinja.functionalTests.R1dot1_TS002_LoginFunctionality" time="15.209" errors="0" timestamp="2023-09-28T00:47:03 EDT" skipped="0">
  <testcase classname="com.tutorialNinja.functionalTests.R1dot1_TS002_LoginFunctionality" name="r1dot1_TS002_TC001" time="15.209"/>
</testsuite> <!-- com.tutorialNinja.functionalTests.R1dot1_TS002_LoginFunctionality -->
