<?xml version="1.0" encoding="UTF-8"?>
<!-- Generated by org.testng.reporters.JUnitReportReporter -->
<testsuite hostname="NAIM" failures="0" tests="1" name="com.tutorialNinja.functionalTests.R1dot2_TS006_ProductCompareFunctionality" time="15.501" errors="0" timestamp="2023-09-26T04:53:11 EDT" skipped="0">
  <testcase classname="com.tutorialNinja.functionalTests.R1dot2_TS006_ProductCompareFunctionality" name="r1dot2_TS006_TC001" time="15.501"/>
</testsuite> <!-- com.tutorialNinja.functionalTests.R1dot2_TS006_ProductCompareFunctionality -->
