<?xml version="1.0" encoding="UTF-8"?>
<!-- Generated by org.testng.reporters.JUnitReportReporter -->
<testsuite hostname="NAIM" failures="0" tests="1" name="com.tutorialNinja.functionalTests.R1dot3_TS012_CheckoutFunctionality" time="13.662" errors="0" timestamp="2023-10-05T00:48:26 EDT" skipped="0">
  <testcase classname="com.tutorialNinja.functionalTests.R1dot3_TS012_CheckoutFunctionality" name="R1dot3_TS012_TC001" time="13.662"/>
</testsuite> <!-- com.tutorialNinja.functionalTests.R1dot3_TS012_CheckoutFunctionality -->
