<?xml version="1.0" encoding="UTF-8"?>
<!-- Generated by org.testng.reporters.JUnitReportReporter -->
<testsuite hostname="NAIM" failures="0" tests="1" name="com.tutorialNinja.functionalTests.Draft" time="20.241" errors="0" timestamp="2023-09-16T04:33:50 EDT" skipped="0">
  <testcase classname="com.tutorialNinja.functionalTests.Draft" name="velidateLogoText" time="20.241"/>
</testsuite> <!-- com.tutorialNinja.functionalTests.Draft -->
