<?xml version="1.0" encoding="UTF-8"?>
<!-- Generated by org.testng.reporters.JUnitReportReporter -->
<testsuite hostname="NAIM" failures="0" tests="1" name="com.tutorialNinja.functionalTests.R1dot3_TS012_CheckoutFunctionality" time="21.391" errors="0" timestamp="2023-10-23T06:59:29 EDT" skipped="0">
  <testcase classname="com.tutorialNinja.functionalTests.R1dot3_TS012_CheckoutFunctionality" name="R1dot3_TS012_TC001" time="21.391"/>
</testsuite> <!-- com.tutorialNinja.functionalTests.R1dot3_TS012_CheckoutFunctionality -->
