<?xml version="1.0" encoding="UTF-8"?>
<!-- Generated by org.testng.reporters.JUnitReportReporter -->
<testsuite hostname="NAIM" failures="0" tests="1" name="com.tutorialNinja.functionalTests.Draft" time="7.720" errors="0" timestamp="2023-09-30T04:18:11 EDT" skipped="0">
  <testcase classname="com.tutorialNinja.functionalTests.Draft" name="testHomePageNav" time="7.720"/>
</testsuite> <!-- com.tutorialNinja.functionalTests.Draft -->
