<?xml version="1.0" encoding="UTF-8"?>
<!-- Generated by org.testng.reporters.JUnitReportReporter -->
<testsuite hostname="NAIM" failures="0" tests="2" name="com.tutorialNinja.functionalTests.R1dot2_TS005_ProductSearchFunctionality" time="15.715" errors="0" timestamp="2023-09-18T02:25:09 EDT" skipped="1">
  <testcase classname="com.tutorialNinja.functionalTests.R1dot2_TS005_ProductSearchFunctionality" name="r1dot2_TS005_TC001" time="9.394"/>
  <testcase classname="com.tutorialNinja.functionalTests.R1dot2_TS005_ProductSearchFunctionality" name="r1dot2_TS005_TC001" time="6.321">
    <skipped/>
  </testcase> <!-- r1dot2_TS005_TC001 -->
</testsuite> <!-- com.tutorialNinja.functionalTests.R1dot2_TS005_ProductSearchFunctionality -->
