<?xml version="1.0" encoding="UTF-8"?>
<!-- Generated by org.testng.reporters.JUnitReportReporter -->
<testsuite hostname="NAIM" failures="0" tests="4" name="com.tutorialNinja.functionalTests.R1dot1_TS_001_RegisterFunctionality" time="42.270" errors="0" timestamp="2023-09-14T02:35:05 EDT" skipped="0">
  <testcase classname="com.tutorialNinja.functionalTests.R1dot1_TS_001_RegisterFunctionality" name="R1dot1_TS_001_TC_RF_001" time="12.841"/>
  <testcase classname="com.tutorialNinja.functionalTests.R1dot1_TS_001_RegisterFunctionality" name="R1dot1_TS_001_TC_RF_003" time="10.881"/>
  <testcase classname="com.tutorialNinja.functionalTests.R1dot1_TS_001_RegisterFunctionality" name="R1dot1_TS_001_TC_RF_004" time="8.763"/>
  <testcase classname="com.tutorialNinja.functionalTests.R1dot1_TS_001_RegisterFunctionality" name="R1dot1_TS_001_TC_RF_027" time="9.785"/>
</testsuite> <!-- com.tutorialNinja.functionalTests.R1dot1_TS_001_RegisterFunctionality -->
