<?xml version="1.0" encoding="UTF-8"?>
<!-- Generated by org.testng.reporters.JUnitReportReporter -->
<testsuite hostname="NAIM" failures="0" tests="3" name="com.tutorialNinja.functionalTests.Draft" time="16.986" errors="0" timestamp="2023-09-14T01:45:45 EDT" skipped="0">
  <testcase classname="com.tutorialNinja.functionalTests.Draft" name="velidateLogoText01" time="7.361"/>
  <testcase classname="com.tutorialNinja.functionalTests.Draft" name="velidateLogoText" time="9.564"/>
  <testcase classname="com.tutorialNinja.functionalTests.Draft" name="velidateLogoText02" time="0.061"/>
</testsuite> <!-- com.tutorialNinja.functionalTests.Draft -->
