<?xml version="1.0" encoding="UTF-8"?>
<!-- Generated by org.testng.reporters.JUnitReportReporter -->
<testsuite hostname="NAIM" failures="0" tests="4" name="com.tutorialNinja.functionalTests.R1dot1_TS001_RegisterFunctionality" time="55.722" errors="0" timestamp="2023-10-05T00:48:26 EDT" skipped="0">
  <testcase classname="com.tutorialNinja.functionalTests.R1dot1_TS001_RegisterFunctionality" name="r1dot1_TS001_TC001" time="18.026"/>
  <testcase classname="com.tutorialNinja.functionalTests.R1dot1_TS001_RegisterFunctionality" name="r1dot1_TS001_TC003" time="14.812"/>
  <testcase classname="com.tutorialNinja.functionalTests.R1dot1_TS001_RegisterFunctionality" name="r1dot1_TS001_TC004" time="11.170"/>
  <testcase classname="com.tutorialNinja.functionalTests.R1dot1_TS001_RegisterFunctionality" name="r1dot1_TS001_TC028" time="11.714"/>
</testsuite> <!-- com.tutorialNinja.functionalTests.R1dot1_TS001_RegisterFunctionality -->
