<?xml version="1.0" encoding="UTF-8"?>
<!-- Generated by org.testng.reporters.JUnitReportReporter -->
<testsuite hostname="NAIM" failures="0" tests="1" name="com.tutorialNinja.functionalTests.R1dot1_TS003_LogoutFunctionality" time="15.257" errors="0" timestamp="2023-09-28T06:09:49 EDT" skipped="0">
  <testcase classname="com.tutorialNinja.functionalTests.R1dot1_TS003_LogoutFunctionality" name="r1dot1_TS003_TC001" time="15.257"/>
</testsuite> <!-- com.tutorialNinja.functionalTests.R1dot1_TS003_LogoutFunctionality -->
