<?xml version="1.0" encoding="UTF-8"?>
<!-- Generated by org.testng.reporters.JUnitReportReporter -->
<testsuite hostname="NAIM" failures="0" tests="2" name="com.tutorialNinja.functionalTests.R1dot2_TS006_ProductCompareFunctionality" time="24.766" errors="0" timestamp="2023-09-28T00:04:36 EDT" skipped="1">
  <testcase classname="com.tutorialNinja.functionalTests.R1dot2_TS006_ProductCompareFunctionality" name="r1dot2_TS006_TC001" time="9.607"/>
  <testcase classname="com.tutorialNinja.functionalTests.R1dot2_TS006_ProductCompareFunctionality" name="r1dot2_TS006_TC001" time="15.159">
    <skipped/>
  </testcase> <!-- r1dot2_TS006_TC001 -->
</testsuite> <!-- com.tutorialNinja.functionalTests.R1dot2_TS006_ProductCompareFunctionality -->
