<?xml version="1.0" encoding="UTF-8"?>
<!-- Generated by org.testng.reporters.JUnitReportReporter -->
<testsuite hostname="NAIM" failures="0" tests="2" name="com.tutorialNinja.functionalTests.Draft2" time="0.008" errors="0" timestamp="2023-09-28T06:05:44 EDT" skipped="2">
  <testcase classname="com.tutorialNinja.functionalTests.Draft2" name="velidateLogoText" time="0.001">
    <skipped/>
  </testcase> <!-- velidateLogoText -->
  <testcase classname="com.tutorialNinja.functionalTests.Draft2" name="velidateLogoText" time="0.007">
    <skipped/>
  </testcase> <!-- velidateLogoText -->
</testsuite> <!-- com.tutorialNinja.functionalTests.Draft2 -->
