<?xml version="1.0" encoding="UTF-8"?>
<!-- Generated by org.testng.reporters.JUnitReportReporter -->
<testsuite hostname="NAIM" failures="0" tests="3" name="com.tutorialNinja.functionalTests.Draft" time="17.223" errors="0" timestamp="2023-09-15T01:26:29 EDT" skipped="0">
  <testcase classname="com.tutorialNinja.functionalTests.Draft" name="velidateLogoText" time="10.242"/>
  <testcase classname="com.tutorialNinja.functionalTests.Draft" name="velidateLogoText01" time="6.938"/>
  <testcase classname="com.tutorialNinja.functionalTests.Draft" name="velidateLogoText02" time="0.043"/>
</testsuite> <!-- com.tutorialNinja.functionalTests.Draft -->
