<?xml version="1.0" encoding="UTF-8"?>
<!-- Generated by org.testng.reporters.JUnitReportReporter -->
<testsuite hostname="NAIM" failures="0" tests="2" name="com.tutorialNinja.functionalTests.R1dot1_TS001_RegisterFunctionality" time="22.044" errors="0" timestamp="2023-10-01T04:10:01 EDT" skipped="0">
  <testcase classname="com.tutorialNinja.functionalTests.R1dot1_TS001_RegisterFunctionality" name="r1dot1_TS001_TC004" time="11.647"/>
  <testcase classname="com.tutorialNinja.functionalTests.R1dot1_TS001_RegisterFunctionality" name="r1dot1_TS001_TC028" time="10.397"/>
</testsuite> <!-- com.tutorialNinja.functionalTests.R1dot1_TS001_RegisterFunctionality -->
