<?xml version="1.0" encoding="UTF-8"?>
<!-- Generated by org.testng.reporters.JUnitReportReporter -->
<testsuite hostname="NAIM" failures="0" tests="1" name="com.tutorialNinja.functionalTests.Draft" time="10.700" errors="0" timestamp="2023-09-29T03:39:03 EDT" skipped="0">
  <testcase classname="com.tutorialNinja.functionalTests.Draft" name="testHomepageFeaturedProduct" time="10.700"/>
</testsuite> <!-- com.tutorialNinja.functionalTests.Draft -->
