<?xml version="1.0" encoding="UTF-8"?>
<!-- Generated by org.testng.reporters.JUnitReportReporter -->
<testsuite hostname="NAIM" failures="0" tests="2" name="com.tutorialNinja.functionalTests.R1dot1_TS004_ForgottenPasswordFunctionality" time="39.119" errors="0" timestamp="2023-10-23T05:23:31 EDT" skipped="0">
  <testcase classname="com.tutorialNinja.functionalTests.R1dot1_TS004_ForgottenPasswordFunctionality" name="r1dot1_TS004_TC001" time="22.242"/>
  <testcase classname="com.tutorialNinja.functionalTests.R1dot1_TS004_ForgottenPasswordFunctionality" name="r1dot1_TS004_TC002" time="16.877"/>
</testsuite> <!-- com.tutorialNinja.functionalTests.R1dot1_TS004_ForgottenPasswordFunctionality -->
