<?xml version="1.0" encoding="UTF-8"?>
<!-- Generated by org.testng.reporters.JUnitReportReporter -->
<testsuite hostname="NAIM" failures="0" tests="1" name="com.tutorialNinja.functionalTests.R1dot2_TS006_ProductCompareFunctionality" time="21.387" errors="0" timestamp="2023-10-23T06:59:29 EDT" skipped="0">
  <testcase classname="com.tutorialNinja.functionalTests.R1dot2_TS006_ProductCompareFunctionality" name="r1dot2_TS006_TC001" time="21.387"/>
</testsuite> <!-- com.tutorialNinja.functionalTests.R1dot2_TS006_ProductCompareFunctionality -->
