<?xml version="1.0" encoding="UTF-8"?>
<!-- Generated by org.testng.reporters.JUnitReportReporter -->
<testsuite hostname="NAIM" failures="0" tests="1" name="com.tutorialNinja.functionalTests.Draft" time="7.308" errors="0" timestamp="2023-09-06T22:38:03 EDT" skipped="0">
  <testcase classname="com.tutorialNinja.functionalTests.Draft" name="test" time="7.308"/>
</testsuite> <!-- com.tutorialNinja.functionalTests.Draft -->
