<?xml version="1.0" encoding="UTF-8"?>
<!-- Generated by org.testng.reporters.JUnitReportReporter -->
<testsuite hostname="NAIM" failures="0" tests="1" name="com.tutorialNinja.functionalTests.Draft" time="3.127" errors="0" timestamp="2023-10-24T05:20:59 EDT" skipped="0">
  <testcase classname="com.tutorialNinja.functionalTests.Draft" name="testHomepageFeaturedProduct" time="3.127"/>
</testsuite> <!-- com.tutorialNinja.functionalTests.Draft -->
