<?xml version="1.0" encoding="UTF-8"?>
<!-- Generated by org.testng.reporters.JUnitReportReporter -->
<testsuite hostname="NAIM" failures="0" tests="3" name="com.tutorialNinja.functionalTests.Draft" time="18.746" errors="0" timestamp="2023-09-14T02:02:43 EDT" skipped="0">
  <testcase classname="com.tutorialNinja.functionalTests.Draft" name="velidateLogoText02" time="0.232"/>
  <testcase classname="com.tutorialNinja.functionalTests.Draft" name="velidateLogoText" time="9.812"/>
  <testcase classname="com.tutorialNinja.functionalTests.Draft" name="velidateLogoText01" time="8.702"/>
</testsuite> <!-- com.tutorialNinja.functionalTests.Draft -->
